2013/04/15 18:48:52 にビルドを開始しました。
     1>ノード 2 上のプロジェクト "F:\projectooooo\課題研究発表提出用(DXライブラリver3.10a)\課題研究発表提出用(DXライブラリver3.10a)\課題研究発表提出用(DXライブラリver3.10a).vcxproj" (Build ターゲット)。
     1>ClCompile:
         C:\Program Files (x86)\Microsoft Visual Studio 11.0\VC\bin\CL.exe /c /I"E:\ゲーム関連\DxLib_VC\プロジェクトに追加すべきファイル_VC用" /ZI /nologo /W3 /WX- /Od /Oy- /D WIN32 /D _DEBUG /D _WINDOWS /D _MBCS /Gm /EHsc /RTC1 /MTd /GS /fp:precise /Zc:wchar_t /Zc:forScope /Fo"Debug\\" /Fd"Debug\vc110.pdb" /Gd /TP /analyze- /errorReport:prompt Enemy.cpp EnemyBullet.cpp Fokker_D_VII_BOSS.cpp Game.cpp Invariable_FPS.cpp main.cpp main_menu.cpp "Mersenne twister.cpp" MyBullet.cpp MyShip.cpp Novel_Base_Class.cpp Object.cpp ShootingGame.cpp Task.cpp
         Task.cpp
         ShootingGame.cpp
         Object.cpp
     1>f:\projectooooo\課題研究発表提出用(dxライブラリver3.10a)\課題研究発表提出用(dxライブラリver3.10a)\object.cpp(12): warning C4244: '=' : 'float' から 'int' への変換です。データが失われる可能性があります。
     1>f:\projectooooo\課題研究発表提出用(dxライブラリver3.10a)\課題研究発表提出用(dxライブラリver3.10a)\object.cpp(13): warning C4244: '=' : 'float' から 'int' への変換です。データが失われる可能性があります。
     1>f:\projectooooo\課題研究発表提出用(dxライブラリver3.10a)\課題研究発表提出用(dxライブラリver3.10a)\object.cpp(19): warning C4244: '=' : 'float' から 'int' への変換です。データが失われる可能性があります。
     1>f:\projectooooo\課題研究発表提出用(dxライブラリver3.10a)\課題研究発表提出用(dxライブラリver3.10a)\object.cpp(20): warning C4244: '=' : 'float' から 'int' への変換です。データが失われる可能性があります。
     1>f:\projectooooo\課題研究発表提出用(dxライブラリver3.10a)\課題研究発表提出用(dxライブラリver3.10a)\object.cpp(21): warning C4244: '=' : 'float' から 'int' への変換です。データが失われる可能性があります。
     1>f:\projectooooo\課題研究発表提出用(dxライブラリver3.10a)\課題研究発表提出用(dxライブラリver3.10a)\object.cpp(22): warning C4244: '=' : 'float' から 'int' への変換です。データが失われる可能性があります。
         Novel_Base_Class.cpp
     1>f:\projectooooo\課題研究発表提出用(dxライブラリver3.10a)\課題研究発表提出用(dxライブラリver3.10a)\novel_base_class.cpp(149): warning C4996: 'fopen': This function or variable may be unsafe. Consider using fopen_s instead. To disable deprecation, use _CRT_SECURE_NO_WARNINGS. See online help for details.
                 c:\program files (x86)\microsoft visual studio 11.0\vc\include\stdio.h(218) : 'fopen' の宣言を確認してください。
     1>f:\projectooooo\課題研究発表提出用(dxライブラリver3.10a)\課題研究発表提出用(dxライブラリver3.10a)\novel_base_class.cpp(155): warning C4996: 'fopen': This function or variable may be unsafe. Consider using fopen_s instead. To disable deprecation, use _CRT_SECURE_NO_WARNINGS. See online help for details.
                 c:\program files (x86)\microsoft visual studio 11.0\vc\include\stdio.h(218) : 'fopen' の宣言を確認してください。
         MyShip.cpp
     1>f:\projectooooo\課題研究発表提出用(dxライブラリver3.10a)\課題研究発表提出用(dxライブラリver3.10a)\enemycrash.h(19): warning C4244: '=' : 'float' から 'int' への変換です。データが失われる可能性があります。
     1>f:\projectooooo\課題研究発表提出用(dxライブラリver3.10a)\課題研究発表提出用(dxライブラリver3.10a)\enemycrash.h(20): warning C4244: '=' : 'float' から 'int' への変換です。データが失われる可能性があります。
     1>f:\projectooooo\課題研究発表提出用(dxライブラリver3.10a)\課題研究発表提出用(dxライブラリver3.10a)\myship.cpp(53): warning C4244: '+=' : 'double' から 'int' への変換です。データが失われる可能性があります。
     1>f:\projectooooo\課題研究発表提出用(dxライブラリver3.10a)\課題研究発表提出用(dxライブラリver3.10a)\myship.cpp(66): warning C4244: '=' : 'float' から 'int' への変換です。データが失われる可能性があります。
     1>f:\projectooooo\課題研究発表提出用(dxライブラリver3.10a)\課題研究発表提出用(dxライブラリver3.10a)\myship.cpp(67): warning C4244: '=' : 'float' から 'int' への変換です。データが失われる可能性があります。
         MyBullet.cpp
     1>f:\projectooooo\課題研究発表提出用(dxライブラリver3.10a)\課題研究発表提出用(dxライブラリver3.10a)\enemycrash.h(19): warning C4244: '=' : 'float' から 'int' への変換です。データが失われる可能性があります。
     1>f:\projectooooo\課題研究発表提出用(dxライブラリver3.10a)\課題研究発表提出用(dxライブラリver3.10a)\enemycrash.h(20): warning C4244: '=' : 'float' から 'int' への変換です。データが失われる可能性があります。
     1>f:\projectooooo\課題研究発表提出用(dxライブラリver3.10a)\課題研究発表提出用(dxライブラリver3.10a)\mybullet.cpp(59): warning C4244: '=' : 'float' から 'int' への変換です。データが失われる可能性があります。
     1>f:\projectooooo\課題研究発表提出用(dxライブラリver3.10a)\課題研究発表提出用(dxライブラリver3.10a)\mybullet.cpp(60): warning C4244: '=' : 'float' から 'int' への変換です。データが失われる可能性があります。
     1>f:\projectooooo\課題研究発表提出用(dxライブラリver3.10a)\課題研究発表提出用(dxライブラリver3.10a)\mybullet.cpp(66): warning C4244: 'return' : 'double' から 'float' への変換です。データが失われる可能性があります。
         Mersenne twister.cpp
         main_menu.cpp
         main.cpp
     1>f:\projectooooo\課題研究発表提出用(dxライブラリver3.10a)\課題研究発表提出用(dxライブラリver3.10a)\main.cpp(108): warning C4996: 'fopen': This function or variable may be unsafe. Consider using fopen_s instead. To disable deprecation, use _CRT_SECURE_NO_WARNINGS. See online help for details.
                 c:\program files (x86)\microsoft visual studio 11.0\vc\include\stdio.h(218) : 'fopen' の宣言を確認してください。
     1>f:\projectooooo\課題研究発表提出用(dxライブラリver3.10a)\課題研究発表提出用(dxライブラリver3.10a)\main.cpp(113): warning C4996: 'localtime': This function or variable may be unsafe. Consider using localtime_s instead. To disable deprecation, use _CRT_SECURE_NO_WARNINGS. See online help for details.
                 c:\program files (x86)\microsoft visual studio 11.0\vc\include\time.inl(112) : 'localtime' の宣言を確認してください。
         Invariable_FPS.cpp
         Game.cpp
         Fokker_D_VII_BOSS.cpp
     1>f:\projectooooo\課題研究発表提出用(dxライブラリver3.10a)\課題研究発表提出用(dxライブラリver3.10a)\enemycrash.h(19): warning C4244: '=' : 'float' から 'int' への変換です。データが失われる可能性があります。
     1>f:\projectooooo\課題研究発表提出用(dxライブラリver3.10a)\課題研究発表提出用(dxライブラリver3.10a)\enemycrash.h(20): warning C4244: '=' : 'float' から 'int' への変換です。データが失われる可能性があります。
     1>f:\projectooooo\課題研究発表提出用(dxライブラリver3.10a)\課題研究発表提出用(dxライブラリver3.10a)\enemybulletsort2.h(128): warning C4244: '引数' : 'double' から 'float' への変換です。データが失われる可能性があります。
     1>f:\projectooooo\課題研究発表提出用(dxライブラリver3.10a)\課題研究発表提出用(dxライブラリver3.10a)\enemybulletsort2.h(152): warning C4244: '引数' : 'double' から 'float' への変換です。データが失われる可能性があります。
     1>f:\projectooooo\課題研究発表提出用(dxライブラリver3.10a)\課題研究発表提出用(dxライブラリver3.10a)\enemybulletsort3.h(135): warning C4244: '引数' : 'double' から 'float' への変換です。データが失われる可能性があります。
     1>f:\projectooooo\課題研究発表提出用(dxライブラリver3.10a)\課題研究発表提出用(dxライブラリver3.10a)\enemybulletsort4.h(128): warning C4244: '=' : 'double' から 'float' への変換です。データが失われる可能性があります。
     1>f:\projectooooo\課題研究発表提出用(dxライブラリver3.10a)\課題研究発表提出用(dxライブラリver3.10a)\enemybulletsort4.h(152): warning C4244: '初期化中' : 'float' から 'int' への変換です。データが失われる可能性があります。
     1>f:\projectooooo\課題研究発表提出用(dxライブラリver3.10a)\課題研究発表提出用(dxライブラリver3.10a)\enemybulletsort4.h(412): warning C4244: '引数' : 'float' から 'int' への変換です。データが失われる可能性があります。
     1>f:\projectooooo\課題研究発表提出用(dxライブラリver3.10a)\課題研究発表提出用(dxライブラリver3.10a)\enemybulletsort4.h(515): warning C4244: '=' : 'float' から 'int' への変換です。データが失われる可能性があります。
     1>f:\projectooooo\課題研究発表提出用(dxライブラリver3.10a)\課題研究発表提出用(dxライブラリver3.10a)\enemybulletsort4.h(516): warning C4244: '=' : 'float' から 'int' への変換です。データが失われる可能性があります。
         EnemyBullet.cpp
     1>f:\projectooooo\課題研究発表提出用(dxライブラリver3.10a)\課題研究発表提出用(dxライブラリver3.10a)\enemybullet.cpp(28): warning C4244: '初期化中' : 'double' から 'float' への変換です。データが失われる可能性があります。
     1>f:\projectooooo\課題研究発表提出用(dxライブラリver3.10a)\課題研究発表提出用(dxライブラリver3.10a)\enemybullet.cpp(70): warning C4244: 'return' : 'double' から 'float' への変換です。データが失われる可能性があります。
         Enemy.cpp
     1>f:\projectooooo\課題研究発表提出用(dxライブラリver3.10a)\課題研究発表提出用(dxライブラリver3.10a)\enemycrash.h(19): warning C4244: '=' : 'float' から 'int' への変換です。データが失われる可能性があります。
     1>f:\projectooooo\課題研究発表提出用(dxライブラリver3.10a)\課題研究発表提出用(dxライブラリver3.10a)\enemycrash.h(20): warning C4244: '=' : 'float' から 'int' への変換です。データが失われる可能性があります。
     1>f:\projectooooo\課題研究発表提出用(dxライブラリver3.10a)\課題研究発表提出用(dxライブラリver3.10a)\enemybulletsort2.h(128): warning C4244: '引数' : 'double' から 'float' への変換です。データが失われる可能性があります。
     1>f:\projectooooo\課題研究発表提出用(dxライブラリver3.10a)\課題研究発表提出用(dxライブラリver3.10a)\enemybulletsort2.h(152): warning C4244: '引数' : 'double' から 'float' への変換です。データが失われる可能性があります。
     1>f:\projectooooo\課題研究発表提出用(dxライブラリver3.10a)\課題研究発表提出用(dxライブラリver3.10a)\enemybulletsort3.h(135): warning C4244: '引数' : 'double' から 'float' への変換です。データが失われる可能性があります。
     1>f:\projectooooo\課題研究発表提出用(dxライブラリver3.10a)\課題研究発表提出用(dxライブラリver3.10a)\enemybulletsort4.h(128): warning C4244: '=' : 'double' から 'float' への変換です。データが失われる可能性があります。
     1>f:\projectooooo\課題研究発表提出用(dxライブラリver3.10a)\課題研究発表提出用(dxライブラリver3.10a)\enemybulletsort4.h(152): warning C4244: '初期化中' : 'float' から 'int' への変換です。データが失われる可能性があります。
     1>f:\projectooooo\課題研究発表提出用(dxライブラリver3.10a)\課題研究発表提出用(dxライブラリver3.10a)\enemybulletsort4.h(412): warning C4244: '引数' : 'float' から 'int' への変換です。データが失われる可能性があります。
     1>f:\projectooooo\課題研究発表提出用(dxライブラリver3.10a)\課題研究発表提出用(dxライブラリver3.10a)\enemybulletsort4.h(515): warning C4244: '=' : 'float' から 'int' への変換です。データが失われる可能性があります。
     1>f:\projectooooo\課題研究発表提出用(dxライブラリver3.10a)\課題研究発表提出用(dxライブラリver3.10a)\enemybulletsort4.h(516): warning C4244: '=' : 'float' から 'int' への変換です。データが失われる可能性があります。
     1>f:\projectooooo\課題研究発表提出用(dxライブラリver3.10a)\課題研究発表提出用(dxライブラリver3.10a)\enemy.cpp(439): warning C4244: '=' : 'double' から 'float' への変換です。データが失われる可能性があります。
     1>f:\projectooooo\課題研究発表提出用(dxライブラリver3.10a)\課題研究発表提出用(dxライブラリver3.10a)\enemy.cpp(577): warning C4244: '=' : 'float' から 'int' への変換です。データが失われる可能性があります。
     1>f:\projectooooo\課題研究発表提出用(dxライブラリver3.10a)\課題研究発表提出用(dxライブラリver3.10a)\enemy.cpp(578): warning C4244: '=' : 'float' から 'int' への変換です。データが失われる可能性があります。
         コードを生成中...
     1>f:\projectooooo\課題研究発表提出用(dxライブラリver3.10a)\課題研究発表提出用(dxライブラリver3.10a)\enemybullet.cpp(72): warning C4715: 'GetMyShipAngle' : 値を返さないコントロール パスがあります。
     1>f:\projectooooo\課題研究発表提出用(dxライブラリver3.10a)\課題研究発表提出用(dxライブラリver3.10a)\mybullet.cpp(68): warning C4715: 'GetEnemyAngle' : 値を返さないコントロール パスがあります。
       ResourceCompile:
         C:\Program Files (x86)\Windows Kits\8.0\bin\x86\rc.exe /l"0x0409" /nologo /fo"Debug\Resource.res" Resource.rc 
       Link:
         C:\Program Files (x86)\Microsoft Visual Studio 11.0\VC\bin\link.exe /ERRORREPORT:PROMPT /OUT:"F:\projectooooo\課題研究発表提出用(DXライブラリver3.10a)\Debug\課題研究発表提出用(DXライブラリver3.10a).exe" /INCREMENTAL /NOLOGO /LIBPATH:"E:\ゲーム関連\DxLib_VC\プロジェクトに追加すべきファイル_VC用" kernel32.lib user32.lib gdi32.lib winspool.lib comdlg32.lib advapi32.lib shell32.lib ole32.lib oleaut32.lib uuid.lib odbc32.lib odbccp32.lib /MANIFEST /MANIFESTUAC:"level='asInvoker' uiAccess='false'" /manifest:embed /DEBUG /PDB:"F:\projectooooo\課題研究発表提出用(DXライブラリver3.10a)\Debug\課題研究発表提出用(DXライブラリver3.10a).pdb" /SUBSYSTEM:WINDOWS /TLBID:1 /DYNAMICBASE /NXCOMPAT /IMPLIB:"F:\projectooooo\課題研究発表提出用(DXライブラリver3.10a)\Debug\課題研究発表提出用(DXライブラリver3.10a).lib" /MACHINE:X86 Debug\Resource.res
         Debug\Enemy.obj
         Debug\EnemyBullet.obj
         Debug\Fokker_D_VII_BOSS.obj
         Debug\Game.obj
         Debug\Invariable_FPS.obj
         Debug\main.obj
         Debug\main_menu.obj
         "Debug\Mersenne twister.obj"
         Debug\MyBullet.obj
         Debug\MyShip.obj
         Debug\Novel_Base_Class.obj
         Debug\Object.obj
         Debug\ShootingGame.obj
         Debug\Task.obj
     1>LINK : fatal error LNK1207: 'F:\projectooooo\課題研究発表提出用(DXライブラリver3.10a)\Debug\課題研究発表提出用(DXライブラリver3.10a).pdb' の PDB 形式に互換性がありません。削除して再度ビルドしてください。
     1>プロジェクト "F:\projectooooo\課題研究発表提出用(DXライブラリver3.10a)\課題研究発表提出用(DXライブラリver3.10a)\課題研究発表提出用(DXライブラリver3.10a).vcxproj" (Build ターゲット) のビルドが終了しました -- 失敗。

ビルドに失敗しました。

経過時間 00:00:29.48
