I:\ゲーム関連\ゲーム本体\EXPERIMENT\課題研究発表提出用(DXライブラリVER3.10A)\DEBUG\課題研究発表提出用(DXライブラリVER3.10A).EXE
I:\ゲーム関連\ゲーム本体\EXPERIMENT\課題研究発表提出用(DXライブラリVER3.10A)\DEBUG\課題研究発表提出用(DXライブラリVER3.10A).ILK
I:\ゲーム関連\ゲーム本体\EXPERIMENT\課題研究発表提出用(DXライブラリVER3.10A)\DEBUG\課題研究発表提出用(DXライブラリVER3.10A).PDB
I:\ゲーム関連\ゲーム本体\experiment\課題研究発表提出用(DXライブラリver3.10a)\課題研究発表提出用(DXライブラリver3.10a)\Debug\cl.command.1.tlog
I:\ゲーム関連\ゲーム本体\experiment\課題研究発表提出用(DXライブラリver3.10a)\課題研究発表提出用(DXライブラリver3.10a)\Debug\CL.read.1.tlog
I:\ゲーム関連\ゲーム本体\experiment\課題研究発表提出用(DXライブラリver3.10a)\課題研究発表提出用(DXライブラリver3.10a)\Debug\CL.write.1.tlog
I:\ゲーム関連\ゲーム本体\EXPERIMENT\課題研究発表提出用(DXライブラリVER3.10A)\課題研究発表提出用(DXライブラリVER3.10A)\DEBUG\ENEMY.OBJ
I:\ゲーム関連\ゲーム本体\EXPERIMENT\課題研究発表提出用(DXライブラリVER3.10A)\課題研究発表提出用(DXライブラリVER3.10A)\DEBUG\ENEMYBULLET.OBJ
I:\ゲーム関連\ゲーム本体\EXPERIMENT\課題研究発表提出用(DXライブラリVER3.10A)\課題研究発表提出用(DXライブラリVER3.10A)\DEBUG\FOKKER_D_VII_BOSS.OBJ
I:\ゲーム関連\ゲーム本体\EXPERIMENT\課題研究発表提出用(DXライブラリVER3.10A)\課題研究発表提出用(DXライブラリVER3.10A)\DEBUG\GAME.OBJ
I:\ゲーム関連\ゲーム本体\EXPERIMENT\課題研究発表提出用(DXライブラリVER3.10A)\課題研究発表提出用(DXライブラリVER3.10A)\DEBUG\INVARIABLE_FPS.OBJ
I:\ゲーム関連\ゲーム本体\experiment\課題研究発表提出用(DXライブラリver3.10a)\課題研究発表提出用(DXライブラリver3.10a)\Debug\link.command.1.tlog
I:\ゲーム関連\ゲーム本体\experiment\課題研究発表提出用(DXライブラリver3.10a)\課題研究発表提出用(DXライブラリver3.10a)\Debug\link.read.1.tlog
I:\ゲーム関連\ゲーム本体\experiment\課題研究発表提出用(DXライブラリver3.10a)\課題研究発表提出用(DXライブラリver3.10a)\Debug\link.write.1.tlog
I:\ゲーム関連\ゲーム本体\experiment\課題研究発表提出用(DXライブラリver3.10a)\課題研究発表提出用(DXライブラリver3.10a)\Debug\link-cvtres.read.1.tlog
I:\ゲーム関連\ゲーム本体\experiment\課題研究発表提出用(DXライブラリver3.10a)\課題研究発表提出用(DXライブラリver3.10a)\Debug\link-cvtres.write.1.tlog
I:\ゲーム関連\ゲーム本体\EXPERIMENT\課題研究発表提出用(DXライブラリVER3.10A)\課題研究発表提出用(DXライブラリVER3.10A)\DEBUG\MAIN.OBJ
I:\ゲーム関連\ゲーム本体\EXPERIMENT\課題研究発表提出用(DXライブラリVER3.10A)\課題研究発表提出用(DXライブラリVER3.10A)\DEBUG\MAIN_MENU.OBJ
I:\ゲーム関連\ゲーム本体\EXPERIMENT\課題研究発表提出用(DXライブラリVER3.10A)\課題研究発表提出用(DXライブラリVER3.10A)\DEBUG\MERSENNE TWISTER.OBJ
I:\ゲーム関連\ゲーム本体\experiment\課題研究発表提出用(DXライブラリver3.10a)\課題研究発表提出用(DXライブラリver3.10a)\Debug\mt.command.1.tlog
I:\ゲーム関連\ゲーム本体\experiment\課題研究発表提出用(DXライブラリver3.10a)\課題研究発表提出用(DXライブラリver3.10a)\Debug\mt.read.1.tlog
I:\ゲーム関連\ゲーム本体\experiment\課題研究発表提出用(DXライブラリver3.10a)\課題研究発表提出用(DXライブラリver3.10a)\Debug\mt.write.1.tlog
I:\ゲーム関連\ゲーム本体\EXPERIMENT\課題研究発表提出用(DXライブラリVER3.10A)\課題研究発表提出用(DXライブラリVER3.10A)\DEBUG\MYBULLET.OBJ
I:\ゲーム関連\ゲーム本体\EXPERIMENT\課題研究発表提出用(DXライブラリVER3.10A)\課題研究発表提出用(DXライブラリVER3.10A)\DEBUG\MYSHIP.OBJ
I:\ゲーム関連\ゲーム本体\EXPERIMENT\課題研究発表提出用(DXライブラリVER3.10A)\課題研究発表提出用(DXライブラリVER3.10A)\DEBUG\NOVEL_BASE_CLASS.OBJ
I:\ゲーム関連\ゲーム本体\EXPERIMENT\課題研究発表提出用(DXライブラリVER3.10A)\課題研究発表提出用(DXライブラリVER3.10A)\DEBUG\OBJECT.OBJ
I:\ゲーム関連\ゲーム本体\experiment\課題研究発表提出用(DXライブラリver3.10a)\課題研究発表提出用(DXライブラリver3.10a)\Debug\rc.command.1.tlog
I:\ゲーム関連\ゲーム本体\experiment\課題研究発表提出用(DXライブラリver3.10a)\課題研究発表提出用(DXライブラリver3.10a)\Debug\rc.read.1.tlog
I:\ゲーム関連\ゲーム本体\experiment\課題研究発表提出用(DXライブラリver3.10a)\課題研究発表提出用(DXライブラリver3.10a)\Debug\rc.write.1.tlog
I:\ゲーム関連\ゲーム本体\EXPERIMENT\課題研究発表提出用(DXライブラリVER3.10A)\課題研究発表提出用(DXライブラリVER3.10A)\DEBUG\RESOURCE.RES
I:\ゲーム関連\ゲーム本体\EXPERIMENT\課題研究発表提出用(DXライブラリVER3.10A)\課題研究発表提出用(DXライブラリVER3.10A)\DEBUG\SHOOTINGGAME.OBJ
I:\ゲーム関連\ゲーム本体\EXPERIMENT\課題研究発表提出用(DXライブラリVER3.10A)\課題研究発表提出用(DXライブラリVER3.10A)\DEBUG\TASK.OBJ
I:\ゲーム関連\ゲーム本体\experiment\課題研究発表提出用(DXライブラリver3.10a)\課題研究発表提出用(DXライブラリver3.10a)\Debug\vc100.idb
I:\ゲーム関連\ゲーム本体\EXPERIMENT\課題研究発表提出用(DXライブラリVER3.10A)\課題研究発表提出用(DXライブラリVER3.10A)\DEBUG\VC100.PDB
I:\ゲーム関連\ゲーム本体\EXPERIMENT\課題研究発表提出用(DXライブラリVER3.10A)\課題研究発表提出用(DXライブラリVER3.10A)\DEBUG\課題研究発表提出用(DXライブラリVER3.10A).EXE.EMBED.MANIFEST
I:\ゲーム関連\ゲーム本体\EXPERIMENT\課題研究発表提出用(DXライブラリVER3.10A)\課題研究発表提出用(DXライブラリVER3.10A)\DEBUG\課題研究発表提出用(DXライブラリVER3.10A).EXE.EMBED.MANIFEST.RES
I:\ゲーム関連\ゲーム本体\EXPERIMENT\課題研究発表提出用(DXライブラリVER3.10A)\課題研究発表提出用(DXライブラリVER3.10A)\DEBUG\課題研究発表提出用(DXライブラリVER3.10A).EXE.INTERMEDIATE.MANIFEST
I:\ゲーム関連\ゲーム本体\experiment\課題研究発表提出用(DXライブラリver3.10a)\課題研究発表提出用(DXライブラリver3.10a)\Debug\課題研究発表提出用(DXライブラリver3.10a)_manifest.rc
