2013/01/31 0:07:07 にビルドを開始しました。
     1>ノード 2 上のプロジェクト "I:\ゲーム関連\ゲーム本体\experiment\課題研究発表提出用(DXライブラリver3.10a)\課題研究発表提出用(DXライブラリver3.10a)\課題研究発表提出用(DXライブラリver3.10a).vcxproj" (rebuild ターゲット)。
     1>_PrepareForClean:
         ファイル "Release\課題研究発表提出用(DXライブラリver3.10a).lastbuildstate" を削除しています。
       InitializeBuildStatus:
         "AlwaysCreate" が指定されたため "Release\課題研究発表提出用(DXライブラリver3.10a).unsuccessfulbuild" を作成しています。
       ClCompile:
         C:\Program Files (x86)\Microsoft Visual Studio 10.0\VC\bin\CL.exe /c /I"I:\ゲーム関連\DxLib_VC\プロジェクトに追加すべきファイル_VC用" /I"C:\Program Files (x86)\Microsoft DirectX SDK (June 2010)\Include" /Zi /nologo /W3 /WX- /O2 /Oi /Oy- /GL /D WIN32 /D NDEBUG /D _WINDOWS /D _MBCS /Gm- /EHsc /MT /GS /Gy /fp:precise /Zc:wchar_t /Zc:forScope /Fo"Release\\" /Fd"Release\vc100.pdb" /Gd /TP /analyze- /errorReport:prompt Enemy.cpp EnemyBullet.cpp Fokker_D_VII_BOSS.cpp Game.cpp Invariable_FPS.cpp main.cpp main_menu.cpp "Mersenne twister.cpp" MyBullet.cpp MyShip.cpp Novel_Base_Class.cpp Object.cpp ShootingGame.cpp Task.cpp
         Enemy.cpp
     1>i:\ゲーム関連\ゲーム本体\experiment\課題研究発表提出用(dxライブラリver3.10a)\課題研究発表提出用(dxライブラリver3.10a)\EnemyCrash.h(19): warning C4244: '=' : 'float' から 'int' への変換です。データが失われる可能性があります。
     1>i:\ゲーム関連\ゲーム本体\experiment\課題研究発表提出用(dxライブラリver3.10a)\課題研究発表提出用(dxライブラリver3.10a)\EnemyCrash.h(20): warning C4244: '=' : 'float' から 'int' への変換です。データが失われる可能性があります。
     1>i:\ゲーム関連\ゲーム本体\experiment\課題研究発表提出用(dxライブラリver3.10a)\課題研究発表提出用(dxライブラリver3.10a)\EnemyBulletSort2.h(128): warning C4244: '引数' : 'double' から 'float' への変換です。データが失われる可能性があります。
     1>i:\ゲーム関連\ゲーム本体\experiment\課題研究発表提出用(dxライブラリver3.10a)\課題研究発表提出用(dxライブラリver3.10a)\EnemyBulletSort2.h(152): warning C4244: '引数' : 'double' から 'float' への変換です。データが失われる可能性があります。
     1>i:\ゲーム関連\ゲーム本体\experiment\課題研究発表提出用(dxライブラリver3.10a)\課題研究発表提出用(dxライブラリver3.10a)\EnemyBulletSort3.h(135): warning C4244: '引数' : 'double' から 'float' への変換です。データが失われる可能性があります。
     1>i:\ゲーム関連\ゲーム本体\experiment\課題研究発表提出用(dxライブラリver3.10a)\課題研究発表提出用(dxライブラリver3.10a)\EnemyBulletSort3.h(135): warning C4244: '引数' : 'double' から 'float' への変換です。データが失われる可能性があります。
     1>i:\ゲーム関連\ゲーム本体\experiment\課題研究発表提出用(dxライブラリver3.10a)\課題研究発表提出用(dxライブラリver3.10a)\EnemyBulletSort4.h(128): warning C4244: '=' : 'double' から 'float' への変換です。データが失われる可能性があります。
     1>i:\ゲーム関連\ゲーム本体\experiment\課題研究発表提出用(dxライブラリver3.10a)\課題研究発表提出用(dxライブラリver3.10a)\EnemyBulletSort4.h(152): warning C4244: '初期化中' : 'float' から 'int' への変換です。データが失われる可能性があります。
     1>i:\ゲーム関連\ゲーム本体\experiment\課題研究発表提出用(dxライブラリver3.10a)\課題研究発表提出用(dxライブラリver3.10a)\EnemyBulletSort4.h(412): warning C4244: '引数' : 'float' から 'int' への変換です。データが失われる可能性があります。
     1>i:\ゲーム関連\ゲーム本体\experiment\課題研究発表提出用(dxライブラリver3.10a)\課題研究発表提出用(dxライブラリver3.10a)\EnemyBulletSort4.h(515): warning C4244: '=' : 'float' から 'int' への変換です。データが失われる可能性があります。
     1>i:\ゲーム関連\ゲーム本体\experiment\課題研究発表提出用(dxライブラリver3.10a)\課題研究発表提出用(dxライブラリver3.10a)\EnemyBulletSort4.h(516): warning C4244: '=' : 'float' から 'int' への変換です。データが失われる可能性があります。
     1>Enemy.cpp(439): warning C4244: '=' : 'double' から 'float' への変換です。データが失われる可能性があります。
     1>Enemy.cpp(577): warning C4244: '=' : 'float' から 'int' への変換です。データが失われる可能性があります。
     1>Enemy.cpp(578): warning C4244: '=' : 'float' から 'int' への変換です。データが失われる可能性があります。
         EnemyBullet.cpp
     1>EnemyBullet.cpp(28): warning C4244: '初期化中' : 'double' から 'float' への変換です。データが失われる可能性があります。
     1>EnemyBullet.cpp(70): warning C4244: 'return' : 'double' から 'float' への変換です。データが失われる可能性があります。
         Fokker_D_VII_BOSS.cpp
     1>i:\ゲーム関連\ゲーム本体\experiment\課題研究発表提出用(dxライブラリver3.10a)\課題研究発表提出用(dxライブラリver3.10a)\EnemyCrash.h(19): warning C4244: '=' : 'float' から 'int' への変換です。データが失われる可能性があります。
     1>i:\ゲーム関連\ゲーム本体\experiment\課題研究発表提出用(dxライブラリver3.10a)\課題研究発表提出用(dxライブラリver3.10a)\EnemyCrash.h(20): warning C4244: '=' : 'float' から 'int' への変換です。データが失われる可能性があります。
     1>i:\ゲーム関連\ゲーム本体\experiment\課題研究発表提出用(dxライブラリver3.10a)\課題研究発表提出用(dxライブラリver3.10a)\EnemyBulletSort2.h(128): warning C4244: '引数' : 'double' から 'float' への変換です。データが失われる可能性があります。
     1>i:\ゲーム関連\ゲーム本体\experiment\課題研究発表提出用(dxライブラリver3.10a)\課題研究発表提出用(dxライブラリver3.10a)\EnemyBulletSort2.h(152): warning C4244: '引数' : 'double' から 'float' への変換です。データが失われる可能性があります。
     1>i:\ゲーム関連\ゲーム本体\experiment\課題研究発表提出用(dxライブラリver3.10a)\課題研究発表提出用(dxライブラリver3.10a)\EnemyBulletSort3.h(135): warning C4244: '引数' : 'double' から 'float' への変換です。データが失われる可能性があります。
     1>i:\ゲーム関連\ゲーム本体\experiment\課題研究発表提出用(dxライブラリver3.10a)\課題研究発表提出用(dxライブラリver3.10a)\EnemyBulletSort3.h(135): warning C4244: '引数' : 'double' から 'float' への変換です。データが失われる可能性があります。
     1>i:\ゲーム関連\ゲーム本体\experiment\課題研究発表提出用(dxライブラリver3.10a)\課題研究発表提出用(dxライブラリver3.10a)\EnemyBulletSort4.h(128): warning C4244: '=' : 'double' から 'float' への変換です。データが失われる可能性があります。
     1>i:\ゲーム関連\ゲーム本体\experiment\課題研究発表提出用(dxライブラリver3.10a)\課題研究発表提出用(dxライブラリver3.10a)\EnemyBulletSort4.h(152): warning C4244: '初期化中' : 'float' から 'int' への変換です。データが失われる可能性があります。
     1>i:\ゲーム関連\ゲーム本体\experiment\課題研究発表提出用(dxライブラリver3.10a)\課題研究発表提出用(dxライブラリver3.10a)\EnemyBulletSort4.h(412): warning C4244: '引数' : 'float' から 'int' への変換です。データが失われる可能性があります。
     1>i:\ゲーム関連\ゲーム本体\experiment\課題研究発表提出用(dxライブラリver3.10a)\課題研究発表提出用(dxライブラリver3.10a)\EnemyBulletSort4.h(515): warning C4244: '=' : 'float' から 'int' への変換です。データが失われる可能性があります。
     1>i:\ゲーム関連\ゲーム本体\experiment\課題研究発表提出用(dxライブラリver3.10a)\課題研究発表提出用(dxライブラリver3.10a)\EnemyBulletSort4.h(516): warning C4244: '=' : 'float' から 'int' への変換です。データが失われる可能性があります。
         Game.cpp
         Invariable_FPS.cpp
         main.cpp
     1>main.cpp(108): warning C4996: 'fopen': This function or variable may be unsafe. Consider using fopen_s instead. To disable deprecation, use _CRT_SECURE_NO_WARNINGS. See online help for details.
                 C:\Program Files (x86)\Microsoft Visual Studio 10.0\VC\include\stdio.h(234) : 'fopen' の宣言を確認してください。
     1>main.cpp(113): warning C4996: 'localtime': This function or variable may be unsafe. Consider using localtime_s instead. To disable deprecation, use _CRT_SECURE_NO_WARNINGS. See online help for details.
                 C:\Program Files (x86)\Microsoft Visual Studio 10.0\VC\include\time.inl(112) : 'localtime' の宣言を確認してください。
         main_menu.cpp
         Mersenne twister.cpp
         MyBullet.cpp
     1>i:\ゲーム関連\ゲーム本体\experiment\課題研究発表提出用(dxライブラリver3.10a)\課題研究発表提出用(dxライブラリver3.10a)\EnemyCrash.h(19): warning C4244: '=' : 'float' から 'int' への変換です。データが失われる可能性があります。
     1>i:\ゲーム関連\ゲーム本体\experiment\課題研究発表提出用(dxライブラリver3.10a)\課題研究発表提出用(dxライブラリver3.10a)\EnemyCrash.h(20): warning C4244: '=' : 'float' から 'int' への変換です。データが失われる可能性があります。
     1>MyBullet.cpp(59): warning C4244: '=' : 'float' から 'int' への変換です。データが失われる可能性があります。
     1>MyBullet.cpp(60): warning C4244: '=' : 'float' から 'int' への変換です。データが失われる可能性があります。
     1>MyBullet.cpp(66): warning C4244: 'return' : 'double' から 'float' への変換です。データが失われる可能性があります。
         MyShip.cpp
     1>i:\ゲーム関連\ゲーム本体\experiment\課題研究発表提出用(dxライブラリver3.10a)\課題研究発表提出用(dxライブラリver3.10a)\EnemyCrash.h(19): warning C4244: '=' : 'float' から 'int' への変換です。データが失われる可能性があります。
     1>i:\ゲーム関連\ゲーム本体\experiment\課題研究発表提出用(dxライブラリver3.10a)\課題研究発表提出用(dxライブラリver3.10a)\EnemyCrash.h(20): warning C4244: '=' : 'float' から 'int' への変換です。データが失われる可能性があります。
     1>MyShip.cpp(53): warning C4244: '+=' : 'double' から 'int' への変換です。データが失われる可能性があります。
     1>MyShip.cpp(66): warning C4244: '=' : 'float' から 'int' への変換です。データが失われる可能性があります。
     1>MyShip.cpp(67): warning C4244: '=' : 'float' から 'int' への変換です。データが失われる可能性があります。
         Novel_Base_Class.cpp
     1>Novel_Base_Class.cpp(149): warning C4996: 'fopen': This function or variable may be unsafe. Consider using fopen_s instead. To disable deprecation, use _CRT_SECURE_NO_WARNINGS. See online help for details.
                 C:\Program Files (x86)\Microsoft Visual Studio 10.0\VC\include\stdio.h(234) : 'fopen' の宣言を確認してください。
     1>Novel_Base_Class.cpp(155): warning C4996: 'fopen': This function or variable may be unsafe. Consider using fopen_s instead. To disable deprecation, use _CRT_SECURE_NO_WARNINGS. See online help for details.
                 C:\Program Files (x86)\Microsoft Visual Studio 10.0\VC\include\stdio.h(234) : 'fopen' の宣言を確認してください。
         Object.cpp
     1>Object.cpp(12): warning C4244: '=' : 'float' から 'int' への変換です。データが失われる可能性があります。
     1>Object.cpp(13): warning C4244: '=' : 'float' から 'int' への変換です。データが失われる可能性があります。
     1>Object.cpp(19): warning C4244: '=' : 'float' から 'int' への変換です。データが失われる可能性があります。
     1>Object.cpp(20): warning C4244: '=' : 'float' から 'int' への変換です。データが失われる可能性があります。
     1>Object.cpp(21): warning C4244: '=' : 'float' から 'int' への変換です。データが失われる可能性があります。
     1>Object.cpp(22): warning C4244: '=' : 'float' から 'int' への変換です。データが失われる可能性があります。
         ShootingGame.cpp
         Task.cpp
       ResourceCompile:
         C:\Program Files (x86)\Microsoft SDKs\Windows\v7.0A\bin\rc.exe /l"0x0409" /nologo /fo"Release\Resource.res" Resource.rc 
       Link:
         C:\Program Files (x86)\Microsoft Visual Studio 10.0\VC\bin\link.exe /ERRORREPORT:PROMPT /OUT:"I:\ゲーム関連\ゲーム本体\experiment\課題研究発表提出用(DXライブラリver3.10a)\Release\課題研究発表提出用(DXライブラリver3.10a).exe" /INCREMENTAL:NO /NOLOGO /LIBPATH:"I:\ゲーム関連\DxLib_VC\プロジェクトに追加すべきファイル_VC用" kernel32.lib user32.lib gdi32.lib winspool.lib comdlg32.lib advapi32.lib shell32.lib ole32.lib oleaut32.lib uuid.lib odbc32.lib odbccp32.lib /MANIFEST /ManifestFile:"Release\課題研究発表提出用(DXライブラリver3.10a).exe.intermediate.manifest" /MANIFESTUAC:"level='asInvoker' uiAccess='false'" /DEBUG /PDB:"I:\ゲーム関連\ゲーム本体\experiment\課題研究発表提出用(DXライブラリver3.10a)\Release\課題研究発表提出用(DXライブラリver3.10a).pdb" /SUBSYSTEM:WINDOWS /OPT:REF /OPT:ICF /LTCG /TLBID:1 /DYNAMICBASE /NXCOMPAT /IMPLIB:"I:\ゲーム関連\ゲーム本体\experiment\課題研究発表提出用(DXライブラリver3.10a)\Release\課題研究発表提出用(DXライブラリver3.10a).lib" /MACHINE:X86 Release\Resource.res
         Release\Enemy.obj
         Release\EnemyBullet.obj
         Release\Fokker_D_VII_BOSS.obj
         Release\Game.obj
         Release\Invariable_FPS.obj
         Release\main.obj
         Release\main_menu.obj
         "Release\Mersenne twister.obj"
         Release\MyBullet.obj
         Release\MyShip.obj
         Release\Novel_Base_Class.obj
         Release\Object.obj
         Release\ShootingGame.obj
         Release\Task.obj
         コード生成しています。
     1>i:\ゲーム関連\ゲーム本体\experiment\課題研究発表提出用(dxライブラリver3.10a)\課題研究発表提出用(dxライブラリver3.10a)\mybullet.cpp(68): warning C4715: 'GetEnemyAngle' : 値を返さないコントロール パスがあります。
     1>i:\ゲーム関連\ゲーム本体\experiment\課題研究発表提出用(dxライブラリver3.10a)\課題研究発表提出用(dxライブラリver3.10a)\enemybullet.cpp(72): warning C4715: 'GetMyShipAngle' : 値を返さないコントロール パスがあります。
         コード生成が終了しました。
         課題研究発表提出用(DXライブラリver3.10a).vcxproj -> I:\ゲーム関連\ゲーム本体\experiment\課題研究発表提出用(DXライブラリver3.10a)\Release\課題研究発表提出用(DXライブラリver3.10a).exe
       Manifest:
         C:\Program Files (x86)\Microsoft SDKs\Windows\v7.0A\bin\mt.exe /nologo /verbose /outputresource:"I:\ゲーム関連\ゲーム本体\experiment\課題研究発表提出用(DXライブラリver3.10a)\Release\課題研究発表提出用(DXライブラリver3.10a).exe;#1" /manifest "Release\課題研究発表提出用(DXライブラリver3.10a).exe.intermediate.manifest"
       FinalizeBuildStatus:
         ファイル "Release\課題研究発表提出用(DXライブラリver3.10a).unsuccessfulbuild" を削除しています。
         "Release\課題研究発表提出用(DXライブラリver3.10a).lastbuildstate" のタッチ タスクを実行しています。
     1>プロジェクト "I:\ゲーム関連\ゲーム本体\experiment\課題研究発表提出用(DXライブラリver3.10a)\課題研究発表提出用(DXライブラリver3.10a)\課題研究発表提出用(DXライブラリver3.10a).vcxproj" (rebuild ターゲット) のビルドが完了しました。

ビルドに成功しました。

経過時間 00:00:07.26
