I:\ゲーム関連\ゲーム本体\EXPERIMENT\課題研究発表提出用(DXライブラリVER3.10A)\RELEASE\課題研究発表提出用(DXライブラリVER3.10A).EXE
I:\ゲーム関連\ゲーム本体\EXPERIMENT\課題研究発表提出用(DXライブラリVER3.10A)\RELEASE\課題研究発表提出用(DXライブラリVER3.10A).PDB
I:\ゲーム関連\ゲーム本体\experiment\課題研究発表提出用(DXライブラリver3.10a)\課題研究発表提出用(DXライブラリver3.10a)\Release\cl.command.1.tlog
I:\ゲーム関連\ゲーム本体\experiment\課題研究発表提出用(DXライブラリver3.10a)\課題研究発表提出用(DXライブラリver3.10a)\Release\CL.read.1.tlog
I:\ゲーム関連\ゲーム本体\experiment\課題研究発表提出用(DXライブラリver3.10a)\課題研究発表提出用(DXライブラリver3.10a)\Release\CL.write.1.tlog
I:\ゲーム関連\ゲーム本体\EXPERIMENT\課題研究発表提出用(DXライブラリVER3.10A)\課題研究発表提出用(DXライブラリVER3.10A)\RELEASE\ENEMY.OBJ
I:\ゲーム関連\ゲーム本体\EXPERIMENT\課題研究発表提出用(DXライブラリVER3.10A)\課題研究発表提出用(DXライブラリVER3.10A)\RELEASE\ENEMYBULLET.OBJ
I:\ゲーム関連\ゲーム本体\EXPERIMENT\課題研究発表提出用(DXライブラリVER3.10A)\課題研究発表提出用(DXライブラリVER3.10A)\RELEASE\FOKKER_D_VII_BOSS.OBJ
I:\ゲーム関連\ゲーム本体\EXPERIMENT\課題研究発表提出用(DXライブラリVER3.10A)\課題研究発表提出用(DXライブラリVER3.10A)\RELEASE\GAME.OBJ
I:\ゲーム関連\ゲーム本体\EXPERIMENT\課題研究発表提出用(DXライブラリVER3.10A)\課題研究発表提出用(DXライブラリVER3.10A)\RELEASE\INVARIABLE_FPS.OBJ
I:\ゲーム関連\ゲーム本体\experiment\課題研究発表提出用(DXライブラリver3.10a)\課題研究発表提出用(DXライブラリver3.10a)\Release\link.command.1.tlog
I:\ゲーム関連\ゲーム本体\experiment\課題研究発表提出用(DXライブラリver3.10a)\課題研究発表提出用(DXライブラリver3.10a)\Release\link.read.1.tlog
I:\ゲーム関連\ゲーム本体\experiment\課題研究発表提出用(DXライブラリver3.10a)\課題研究発表提出用(DXライブラリver3.10a)\Release\link.write.1.tlog
I:\ゲーム関連\ゲーム本体\experiment\課題研究発表提出用(DXライブラリver3.10a)\課題研究発表提出用(DXライブラリver3.10a)\Release\link-cvtres.read.1.tlog
I:\ゲーム関連\ゲーム本体\experiment\課題研究発表提出用(DXライブラリver3.10a)\課題研究発表提出用(DXライブラリver3.10a)\Release\link-cvtres.write.1.tlog
I:\ゲーム関連\ゲーム本体\EXPERIMENT\課題研究発表提出用(DXライブラリVER3.10A)\課題研究発表提出用(DXライブラリVER3.10A)\RELEASE\MAIN.OBJ
I:\ゲーム関連\ゲーム本体\EXPERIMENT\課題研究発表提出用(DXライブラリVER3.10A)\課題研究発表提出用(DXライブラリVER3.10A)\RELEASE\MAIN_MENU.OBJ
I:\ゲーム関連\ゲーム本体\EXPERIMENT\課題研究発表提出用(DXライブラリVER3.10A)\課題研究発表提出用(DXライブラリVER3.10A)\RELEASE\MERSENNE TWISTER.OBJ
I:\ゲーム関連\ゲーム本体\experiment\課題研究発表提出用(DXライブラリver3.10a)\課題研究発表提出用(DXライブラリver3.10a)\Release\mt.command.1.tlog
I:\ゲーム関連\ゲーム本体\experiment\課題研究発表提出用(DXライブラリver3.10a)\課題研究発表提出用(DXライブラリver3.10a)\Release\mt.read.1.tlog
I:\ゲーム関連\ゲーム本体\experiment\課題研究発表提出用(DXライブラリver3.10a)\課題研究発表提出用(DXライブラリver3.10a)\Release\mt.write.1.tlog
I:\ゲーム関連\ゲーム本体\EXPERIMENT\課題研究発表提出用(DXライブラリVER3.10A)\課題研究発表提出用(DXライブラリVER3.10A)\RELEASE\MYBULLET.OBJ
I:\ゲーム関連\ゲーム本体\EXPERIMENT\課題研究発表提出用(DXライブラリVER3.10A)\課題研究発表提出用(DXライブラリVER3.10A)\RELEASE\MYSHIP.OBJ
I:\ゲーム関連\ゲーム本体\EXPERIMENT\課題研究発表提出用(DXライブラリVER3.10A)\課題研究発表提出用(DXライブラリVER3.10A)\RELEASE\NOVEL_BASE_CLASS.OBJ
I:\ゲーム関連\ゲーム本体\EXPERIMENT\課題研究発表提出用(DXライブラリVER3.10A)\課題研究発表提出用(DXライブラリVER3.10A)\RELEASE\OBJECT.OBJ
I:\ゲーム関連\ゲーム本体\experiment\課題研究発表提出用(DXライブラリver3.10a)\課題研究発表提出用(DXライブラリver3.10a)\Release\rc.command.1.tlog
I:\ゲーム関連\ゲーム本体\experiment\課題研究発表提出用(DXライブラリver3.10a)\課題研究発表提出用(DXライブラリver3.10a)\Release\rc.read.1.tlog
I:\ゲーム関連\ゲーム本体\experiment\課題研究発表提出用(DXライブラリver3.10a)\課題研究発表提出用(DXライブラリver3.10a)\Release\rc.write.1.tlog
I:\ゲーム関連\ゲーム本体\EXPERIMENT\課題研究発表提出用(DXライブラリVER3.10A)\課題研究発表提出用(DXライブラリVER3.10A)\RELEASE\RESOURCE.RES
I:\ゲーム関連\ゲーム本体\EXPERIMENT\課題研究発表提出用(DXライブラリVER3.10A)\課題研究発表提出用(DXライブラリVER3.10A)\RELEASE\SHOOTINGGAME.OBJ
I:\ゲーム関連\ゲーム本体\EXPERIMENT\課題研究発表提出用(DXライブラリVER3.10A)\課題研究発表提出用(DXライブラリVER3.10A)\RELEASE\TASK.OBJ
I:\ゲーム関連\ゲーム本体\EXPERIMENT\課題研究発表提出用(DXライブラリVER3.10A)\課題研究発表提出用(DXライブラリVER3.10A)\RELEASE\VC100.PDB
I:\ゲーム関連\ゲーム本体\EXPERIMENT\課題研究発表提出用(DXライブラリVER3.10A)\課題研究発表提出用(DXライブラリVER3.10A)\RELEASE\課題研究発表提出用(DXライブラリVER3.10A).EXE.INTERMEDIATE.MANIFEST
